  main.cpp
C:\Users\38301\source\repos\Half-keyboard2\GetKey\main.cpp(774,15): warning C4244: =: преобразование "DWORD" в "char", возможна потеря данных
C:\Users\38301\source\repos\Half-keyboard2\GetKey\main.cpp(971,4): warning C4551: в вызове функции отсутствует список аргументов
C:\Users\38301\source\repos\Half-keyboard2\GetKey\main.cpp(972,4): warning C4551: в вызове функции отсутствует список аргументов
C:\Users\38301\source\repos\Half-keyboard2\GetKey\main.cpp(1096,27): warning C4244: =: преобразование "DWORD" в "WORD", возможна потеря данных
C:\Users\38301\source\repos\Half-keyboard2\GetKey\main.cpp(1101,26): warning C4244: =: преобразование "DWORD" в "WORD", возможна потеря данных
C:\Users\38301\source\repos\Half-keyboard2\GetKey\main.cpp(751,8): warning C4101: newVkCode: неиспользованная локальная переменная
C:\Users\38301\source\repos\Half-keyboard2\GetKey\main.cpp(1408,9): warning C4477: "printf": в строке форматирования "%d" требуется аргумент типа "int", но вариативный аргумент "1" имеет тип "WPARAM"
      C:\Users\38301\source\repos\Half-keyboard2\GetKey\main.cpp(1408,9):
      рекомендуется использовать "%lld" в строке форматирования
      C:\Users\38301\source\repos\Half-keyboard2\GetKey\main.cpp(1408,9):
      рекомендуется использовать "%Id" в строке форматирования
      C:\Users\38301\source\repos\Half-keyboard2\GetKey\main.cpp(1408,9):
      рекомендуется использовать "%I64d" в строке форматирования
  
C:\Users\38301\source\repos\Half-keyboard2\GetKey\main.cpp(1589,4): warning C4551: в вызове функции отсутствует список аргументов
C:\Users\38301\source\repos\Half-keyboard2\GetKey\main.cpp(1590,4): warning C4551: в вызове функции отсутствует список аргументов
C:\Users\38301\source\repos\Half-keyboard2\GetKey\main.cpp(1657,68): warning C4267: аргумент: преобразование из "size_t" в "int"; возможна потеря данных
C:\Users\38301\source\repos\Half-keyboard2\GetKey\main.cpp(1809,33): warning C4302: приведение типов: усечение из "LPWSTR" к "WORD"
  Создание кода
  34 of 658 functions ( 5.2%) were compiled, the rest were copied from previous compilation.
    0 functions were new in current compilation
    6 functions had inline decision re-evaluated but remain unchanged
  Создание кода завершено
  GetKey.vcxproj -> C:\Users\38301\source\repos\Half-keyboard2\x64\Release\HalfKeyboard.exe
