D:\Program Files\Microsoft Visual Studio\2022\Community\MSBuild\Microsoft\VC\v170\Microsoft.CppBuild.targets(531,5): warning MSB8028: промежуточный каталог (Debug\) содержит файлы, которые используются совместно с другим проектом (GetKey.vcxproj, Half keyboard.vcxproj).  Это может привести к ошибкам очистки и перестроения.
  main.cpp
D:\Program Files\Microsoft Visual Studio\2022\Community\VC\Tools\MSVC\14.41.34120\include\filesystem(12): warning STL4038: The contents of <filesystem> are available only with C++17 or later.
C:\Users\38301\source\repos\Half-keyboard2\GetKey\main.cpp(1171,20): warning C4018: <: несоответствие типов со знаком и без знака
C:\Users\38301\source\repos\Half-keyboard2\GetKey\main.cpp(1351,15): warning C4244: =: преобразование "DWORD" в "char", возможна потеря данных
C:\Users\38301\source\repos\Half-keyboard2\GetKey\main.cpp(1764,26): warning C4244: =: преобразование "DWORD" в "WORD", возможна потеря данных
C:\Users\38301\source\repos\Half-keyboard2\GetKey\main.cpp(1326,8): warning C4101: newVkCode: неиспользованная локальная переменная
C:\Users\38301\source\repos\Half-keyboard2\GetKey\main.cpp(2562,33): warning C4302: приведение типов: усечение из "LPWSTR" к "WORD"
C:\Users\38301\source\repos\Half-keyboard2\GetKey\main.cpp(2815,2): warning C4551: в вызове функции отсутствует список аргументов
C:\Users\38301\source\repos\Half-keyboard2\GetKey\main.cpp(2816,2): warning C4551: в вызове функции отсутствует список аргументов
D:\Program Files\Microsoft Visual Studio\2022\Community\VC\Tools\MSVC\14.41.34120\include\xutility(4689,18): warning C4244: =: преобразование "const wchar_t" в "char", возможна потеря данных
  (компиляция исходного файла "main.cpp")
      D:\Program Files\Microsoft Visual Studio\2022\Community\VC\Tools\MSVC\14.41.34120\include\xutility(4689,18):
      контекст создания экземпляра шаблона (сначала самый старый)
          C:\Users\38301\source\repos\Half-keyboard2\GetKey\main.cpp(157,15):
          выполняется компиляция ссылки на экземпляр шаблон функции "std::basic_string<char,std::char_traits<char>,std::allocator<char>>::basic_string<std::_String_const_iterator<std::_String_val<std::_Simple_types<_Elem>>>,0>(_Iter,_Iter,const _Alloc &)"
          with
          [
              _Elem=wchar_t,
              _Iter=std::_String_const_iterator<std::_String_val<std::_Simple_types<wchar_t>>>,
              _Alloc=std::allocator<char>
          ]
              C:\Users\38301\source\repos\Half-keyboard2\GetKey\main.cpp(157,2):
              см. первую ссылку на "std::basic_string<char,std::char_traits<char>,std::allocator<char>>::basic_string" в "wstring_to_string"
          D:\Program Files\Microsoft Visual Studio\2022\Community\VC\Tools\MSVC\14.41.34120\include\xstring(793,17):
          выполняется компиляция ссылки на экземпляр шаблон функции "void std::basic_string<char,std::char_traits<char>,std::allocator<char>>::_Construct_from_iter<const wchar_t*,const wchar_t*,_Size_type>(_Iter,const _Sent,_Size)"
          with
          [
              _Size_type=unsigned int,
              _Iter=const wchar_t *,
              _Sent=const wchar_t *,
              _Size=unsigned int
          ]
          D:\Program Files\Microsoft Visual Studio\2022\Community\VC\Tools\MSVC\14.41.34120\include\xstring(949,18):
          выполняется компиляция ссылки на экземпляр шаблон функции "_OutIt *std::_Copy_n_unchecked4<const wchar_t*,_Size,char*>(_InIt,_SizeTy,_OutIt)"
          with
          [
              _OutIt=char *,
              _Size=unsigned int,
              _InIt=const wchar_t *,
              _SizeTy=unsigned int
          ]
  
  GetKey.vcxproj -> C:\Users\38301\source\repos\Half-keyboard2\Debug\HalfKeyboard.exe
